Using pre-set license
Built from '2022.3/staging' branch; Version is '2022.3.31f1 (4ede2d13e8b4) revision 5168685'; Using compiler version '192829333'; Build Type 'Release'
OS: 'Windows 10  (10.0.19045) 64bit Professional' Language: 'tr' Physical Memory: 16236 MB
BatchMode: 1, IsHumanControllingUs: 0, StartBugReporterOnCrash: 0, Is64bit: 1, IsPro: 1

COMMAND LINE ARGUMENTS:
C:\Program Files\Unity\Hub\Editor\2022.3.31f1\Editor\Unity.exe
-adb2
-batchMode
-noUpm
-name
AssetImportWorker0
-projectPath
D:/Unity/HHG
-logFile
Logs/AssetImportWorker0.log
-srvPort
54143
Successfully changed project path to: D:/Unity/HHG
D:/Unity/HHG
[UnityMemory] Configuration Parameters - Can be set up in boot.config
    "memorysetup-bucket-allocator-granularity=16"
    "memorysetup-bucket-allocator-bucket-count=8"
    "memorysetup-bucket-allocator-block-size=33554432"
    "memorysetup-bucket-allocator-block-count=8"
    "memorysetup-main-allocator-block-size=16777216"
    "memorysetup-thread-allocator-block-size=16777216"
    "memorysetup-gfx-main-allocator-block-size=16777216"
    "memorysetup-gfx-thread-allocator-block-size=16777216"
    "memorysetup-cache-allocator-block-size=4194304"
    "memorysetup-typetree-allocator-block-size=2097152"
    "memorysetup-profiler-bucket-allocator-granularity=16"
    "memorysetup-profiler-bucket-allocator-bucket-count=8"
    "memorysetup-profiler-bucket-allocator-block-size=33554432"
    "memorysetup-profiler-bucket-allocator-block-count=8"
    "memorysetup-profiler-allocator-block-size=16777216"
    "memorysetup-profiler-editor-allocator-block-size=1048576"
    "memorysetup-temp-allocator-size-main=16777216"
    "memorysetup-job-temp-allocator-block-size=2097152"
    "memorysetup-job-temp-allocator-block-size-background=1048576"
    "memorysetup-job-temp-allocator-reduction-small-platforms=262144"
    "memorysetup-allocator-temp-initial-block-size-main=262144"
    "memorysetup-allocator-temp-initial-block-size-worker=262144"
    "memorysetup-temp-allocator-size-background-worker=32768"
    "memorysetup-temp-allocator-size-job-worker=262144"
    "memorysetup-temp-allocator-size-preload-manager=33554432"
    "memorysetup-temp-allocator-size-nav-mesh-worker=65536"
    "memorysetup-temp-allocator-size-audio-worker=65536"
    "memorysetup-temp-allocator-size-cloud-worker=32768"
    "memorysetup-temp-allocator-size-gi-baking-worker=262144"
    "memorysetup-temp-allocator-size-gfx=262144"
Player connection [11660] Host "[IP] 192.168.1.25 [Port] 0 [Flags] 2 [Guid] 3159570958 [EditorId] 3159570958 [Version] 1048832 [Id] WindowsEditor(7,DESKTOP-KBB9C51) [Debug] 1 [PackageName] WindowsEditor [ProjectName] Editor" joined multi-casting on [225.0.0.222:54997]...

Player connection [11660] Host "[IP] 192.168.1.25 [Port] 0 [Flags] 2 [Guid] 3159570958 [EditorId] 3159570958 [Version] 1048832 [Id] WindowsEditor(7,DESKTOP-KBB9C51) [Debug] 1 [PackageName] WindowsEditor [ProjectName] Editor" joined alternative multi-casting on [225.0.0.222:34997]...

[PhysX] Initialized MultithreadedTaskDispatcher with 16 workers.
Refreshing native plugins compatible for Editor in 10.89 ms, found 4 plugins.
Preloading 0 native plugins for Editor in 0.00 ms.
Initialize engine version: 2022.3.31f1 (4ede2d13e8b4)
[Subsystems] Discovering subsystems at path C:/Program Files/Unity/Hub/Editor/2022.3.31f1/Editor/Data/Resources/UnitySubsystems
[Subsystems] Discovering subsystems at path D:/Unity/HHG/Assets
GfxDevice: creating device client; threaded=0; jobified=0
Direct3D:
    Version:  Direct3D 11.0 [level 11.1]
    Renderer: NVIDIA GeForce RTX 3070 Laptop GPU (ID=0x24dd)
    Vendor:   NVIDIA
    VRAM:     8020 MB
    Driver:   32.0.15.6109
Initialize mono
Mono path[0] = 'C:/Program Files/Unity/Hub/Editor/2022.3.31f1/Editor/Data/Managed'
Mono path[1] = 'C:/Program Files/Unity/Hub/Editor/2022.3.31f1/Editor/Data/MonoBleedingEdge/lib/mono/unityjit-win32'
Mono config path = 'C:/Program Files/Unity/Hub/Editor/2022.3.31f1/Editor/Data/MonoBleedingEdge/etc'
Using monoOptions --debugger-agent=transport=dt_socket,embedding=1,server=y,suspend=n,address=127.0.0.1:56000
Begin MonoManager ReloadAssembly
Registering precompiled unity dll's ...
Register platform support module: C:/Program Files/Unity/Hub/Editor/2022.3.31f1/Editor/Data/PlaybackEngines/AndroidPlayer/UnityEditor.Android.Extensions.dll
Register platform support module: C:/Program Files/Unity/Hub/Editor/2022.3.31f1/Editor/Data/PlaybackEngines/iOSSupport/UnityEditor.iOS.Extensions.dll
Register platform support module: C:/Program Files/Unity/Hub/Editor/2022.3.31f1/Editor/Data/PlaybackEngines/WindowsStandaloneSupport/UnityEditor.WindowsStandalone.Extensions.dll
Registered in 0.013888 seconds.
- Loaded All Assemblies, in  0.349 seconds
Native extension for WindowsStandalone target not found
[usbmuxd] Start listen thread
[usbmuxd] Listen thread started
Native extension for iOS target not found
Native extension for Android target not found
Android Extension - Scanning For ADB Devices 255 ms
Mono: successfully reloaded assembly
- Finished resetting the current domain, in  0.565 seconds
Domain Reload Profiling: 912ms
	BeginReloadAssembly (109ms)
		ExecutionOrderSort (0ms)
		DisableScriptedObjects (0ms)
		BackupInstance (0ms)
		ReleaseScriptingObjects (0ms)
		CreateAndSetChildDomain (1ms)
	RebuildCommonClasses (29ms)
	RebuildNativeTypeToScriptingClass (8ms)
	initialDomainReloadingComplete (65ms)
	LoadAllAssembliesAndSetupDomain (135ms)
		LoadAssemblies (107ms)
		RebuildTransferFunctionScriptingTraits (0ms)
		AnalyzeDomain (132ms)
			TypeCache.Refresh (131ms)
				TypeCache.ScanAssembly (119ms)
			ScanForSourceGeneratedMonoScriptInfo (0ms)
			ResolveRequiredComponents (1ms)
	FinalizeReload (566ms)
		ReleaseScriptCaches (0ms)
		RebuildScriptCaches (0ms)
		SetupLoadedEditorAssemblies (514ms)
			LogAssemblyErrors (0ms)
			InitializePlatformSupportModulesInManaged (364ms)
			SetLoadedEditorAssemblies (4ms)
			RefreshPlugins (0ms)
			BeforeProcessingInitializeOnLoad (2ms)
			ProcessInitializeOnLoadAttributes (101ms)
			ProcessInitializeOnLoadMethodAttributes (44ms)
			AfterProcessingInitializeOnLoad (0ms)
			EditorAssembliesLoaded (0ms)
		ExecutionOrderSort2 (0ms)
		AwakeInstancesAfterBackupRestoration (0ms)
========================================================================
Worker process is ready to serve import requests
Begin MonoManager ReloadAssembly
- Loaded All Assemblies, in  0.674 seconds
Refreshing native plugins compatible for Editor in 3.35 ms, found 4 plugins.
Native extension for WindowsStandalone target not found
Native extension for iOS target not found
Native extension for Android target not found
Package Manager log level set to [2]
[Package Manager] Server::EnsureServerProcessIsRunning -- launch failed, reason: Unity was launched with the -noUpm command-line argument
[Package Manager] UpmClient::Send -- Unable to send message (not connected to UPM process).
[Package Manager] Cannot connect to Unity Package Manager local server
Mono: successfully reloaded assembly
- Finished resetting the current domain, in  0.672 seconds
Domain Reload Profiling: 1343ms
	BeginReloadAssembly (148ms)
		ExecutionOrderSort (0ms)
		DisableScriptedObjects (6ms)
		BackupInstance (0ms)
		ReleaseScriptingObjects (0ms)
		CreateAndSetChildDomain (23ms)
	RebuildCommonClasses (29ms)
	RebuildNativeTypeToScriptingClass (8ms)
	initialDomainReloadingComplete (42ms)
	LoadAllAssembliesAndSetupDomain (444ms)
		LoadAssemblies (331ms)
		RebuildTransferFunctionScriptingTraits (0ms)
		AnalyzeDomain (197ms)
			TypeCache.Refresh (163ms)
				TypeCache.ScanAssembly (146ms)
			ScanForSourceGeneratedMonoScriptInfo (23ms)
			ResolveRequiredComponents (9ms)
	FinalizeReload (672ms)
		ReleaseScriptCaches (0ms)
		RebuildScriptCaches (0ms)
		SetupLoadedEditorAssemblies (520ms)
			LogAssemblyErrors (0ms)
			InitializePlatformSupportModulesInManaged (36ms)
			SetLoadedEditorAssemblies (3ms)
			RefreshPlugins (0ms)
			BeforeProcessingInitializeOnLoad (72ms)
			ProcessInitializeOnLoadAttributes (321ms)
			ProcessInitializeOnLoadMethodAttributes (78ms)
			AfterProcessingInitializeOnLoad (9ms)
			EditorAssembliesLoaded (0ms)
		ExecutionOrderSort2 (0ms)
		AwakeInstancesAfterBackupRestoration (6ms)
Launched and connected shader compiler UnityShaderCompiler.exe after 0.04 seconds
Refreshing native plugins compatible for Editor in 4.20 ms, found 4 plugins.
Preloading 0 native plugins for Editor in 0.00 ms.
Unloading 5689 Unused Serialized files (Serialized files now loaded: 0)
Unloading 86 unused Assets / (351.3 KB). Loaded Objects now: 6153.
Memory consumption went from 224.1 MB to 223.8 MB.
Total: 3.568400 ms (FindLiveObjects: 0.436200 ms CreateObjectMapping: 0.214100 ms MarkObjects: 2.678800 ms  DeleteObjects: 0.238500 ms)

AssetImportParameters requested are different than current active one (requested -> active):
  custom:container-demuxer-ogg: 62fdf1f143b41e24485cea50d1cbac27 -> 
  custom:video-decoder-ogg-theora: a1e56fd34408186e4bbccfd4996cb3dc -> 
  custom:framework-win-MediaFoundation: 216162199b28c13a410421893ffa2e32 -> 
  custom:CustomObjectIndexerAttribute: 72b91833f83ae208fae7752999fa3104 -> 
  custom:container-demuxer-webm: 4f35f7cbe854078d1ac9338744f61a02 -> 
  custom:container-muxer-webm: aa71ff27fc2769a1b78a27578f13a17b -> 
  custom:video-decoder-webm-vp8: 9c59270c3fd7afecdb556c50c9e8de78 -> 
  custom:SearchIndexIgnoredProperties: e643bd26f0fe6173181afceb89e7c659 -> 
  custom:AudioImporter_EditorPlatform: d09bf68614088b80899f8185d706f6e7 -> 
  custom:video-encoder-webm-vp8: eb34c28f22e8b96e1ab97ce403110664 -> 
  custom:audio-decoder-ogg-vorbis: bf7c407c2cedff20999df2af8eb42d56 -> 
  custom:audio-encoder-webm-vorbis: bf7c407c2cedff20999df2af8eb42d56 -> 
========================================================================
Received Import Request.
  Time since last request: 97147.844003 seconds.
  path: Assets/ygt_spritesheet.png
  artifactKey: Guid(ac738144cad90ab4bb08127777baa967) Importer(815301076,1909f56bfc062723c751e8b465ee728b)
Start importing Assets/ygt_spritesheet.png using Guid(ac738144cad90ab4bb08127777baa967) Importer(815301076,1909f56bfc062723c751e8b465ee728b) [PhysX] Initialized MultithreadedTaskDispatcher with 16 workers.
[PhysX] Initialized MultithreadedTaskDispatcher with 16 workers.
 -> (artifact id: 'b6d78003831c3071e5b03073c6818467') in 0.059735 seconds
Number of updated asset objects reloaded before import = 0
Number of asset objects unloaded after import = 2
========================================================================
Received Import Request.
  Time since last request: 10.670222 seconds.
  path: Assets/ygt_spritesheet.png
  artifactKey: Guid(ac738144cad90ab4bb08127777baa967) Importer(815301076,1909f56bfc062723c751e8b465ee728b)
Start importing Assets/ygt_spritesheet.png using Guid(ac738144cad90ab4bb08127777baa967) Importer(815301076,1909f56bfc062723c751e8b465ee728b) [PhysX] Initialized MultithreadedTaskDispatcher with 16 workers.
[PhysX] Initialized MultithreadedTaskDispatcher with 16 workers.
 -> (artifact id: 'bab70cd64cfee5b699bb3c5d106f466b') in 0.015384 seconds
Number of updated asset objects reloaded before import = 0
Number of asset objects unloaded after import = 2
========================================================================
Received Import Request.
  Time since last request: 29.625500 seconds.
  path: Assets/ygt_spritesheet.png
  artifactKey: Guid(ac738144cad90ab4bb08127777baa967) Importer(815301076,1909f56bfc062723c751e8b465ee728b)
Start importing Assets/ygt_spritesheet.png using Guid(ac738144cad90ab4bb08127777baa967) Importer(815301076,1909f56bfc062723c751e8b465ee728b) [PhysX] Initialized MultithreadedTaskDispatcher with 16 workers.
[PhysX] Initialized MultithreadedTaskDispatcher with 16 workers.
 -> (artifact id: '753dedd6db2f30a4f13aa257e243083f') in 0.062137 seconds
Number of updated asset objects reloaded before import = 0
Number of asset objects unloaded after import = 12
========================================================================
Received Import Request.
  Time since last request: 519.872746 seconds.
  path: Assets/ygt_spritesheet.png
  artifactKey: Guid(ac738144cad90ab4bb08127777baa967) Importer(815301076,1909f56bfc062723c751e8b465ee728b)
Start importing Assets/ygt_spritesheet.png using Guid(ac738144cad90ab4bb08127777baa967) Importer(815301076,1909f56bfc062723c751e8b465ee728b) [PhysX] Initialized MultithreadedTaskDispatcher with 16 workers.
[PhysX] Initialized MultithreadedTaskDispatcher with 16 workers.
 -> (artifact id: '081d4330016d56a59618388c4ec0f7eb') in 0.063308 seconds
Number of updated asset objects reloaded before import = 0
Number of asset objects unloaded after import = 12
========================================================================
Received Import Request.
  Time since last request: 8825.711452 seconds.
  path: Assets/ygt_spritesheet.png
  artifactKey: Guid(ac738144cad90ab4bb08127777baa967) Importer(815301076,1909f56bfc062723c751e8b465ee728b)
Start importing Assets/ygt_spritesheet.png using Guid(ac738144cad90ab4bb08127777baa967) Importer(815301076,1909f56bfc062723c751e8b465ee728b) [PhysX] Initialized MultithreadedTaskDispatcher with 16 workers.
[PhysX] Initialized MultithreadedTaskDispatcher with 16 workers.
 -> (artifact id: 'dacb8e150b99797027c8821f86435874') in 0.103005 seconds
Number of updated asset objects reloaded before import = 0
Number of asset objects unloaded after import = 12
========================================================================
Received Import Request.
  Time since last request: 11.646603 seconds.
  path: Assets/ygt_spritesheet.png
  artifactKey: Guid(ac738144cad90ab4bb08127777baa967) Importer(815301076,1909f56bfc062723c751e8b465ee728b)
Start importing Assets/ygt_spritesheet.png using Guid(ac738144cad90ab4bb08127777baa967) Importer(815301076,1909f56bfc062723c751e8b465ee728b) [PhysX] Initialized MultithreadedTaskDispatcher with 16 workers.
[PhysX] Initialized MultithreadedTaskDispatcher with 16 workers.
 -> (artifact id: 'f0395e65933f1e61a848f032a6194601') in 0.069057 seconds
Number of updated asset objects reloaded before import = 0
Number of asset objects unloaded after import = 12
========================================================================
Received Import Request.
  Time since last request: 31.674228 seconds.
  path: Assets/New Folder/Char/sprite_sheet (4).png
  artifactKey: Guid(d6d7c8dabda3224449fbed67600b7bdf) Importer(815301076,1909f56bfc062723c751e8b465ee728b)
Start importing Assets/New Folder/Char/sprite_sheet (4).png using Guid(d6d7c8dabda3224449fbed67600b7bdf) Importer(815301076,1909f56bfc062723c751e8b465ee728b) [PhysX] Initialized MultithreadedTaskDispatcher with 16 workers.
[PhysX] Initialized MultithreadedTaskDispatcher with 16 workers.
 -> (artifact id: 'b53e17b28a2bb2ad868d7fd0565ddd24') in 0.078409 seconds
Number of updated asset objects reloaded before import = 0
Number of asset objects unloaded after import = 18
========================================================================
Received Import Request.
  Time since last request: 43.391781 seconds.
  path: Assets/New Folder/Char/sprite_sheet (2).png
  artifactKey: Guid(2546f70f7d1d49944936684f135bb365) Importer(815301076,1909f56bfc062723c751e8b465ee728b)
Start importing Assets/New Folder/Char/sprite_sheet (2).png using Guid(2546f70f7d1d49944936684f135bb365) Importer(815301076,1909f56bfc062723c751e8b465ee728b) [PhysX] Initialized MultithreadedTaskDispatcher with 16 workers.
[PhysX] Initialized MultithreadedTaskDispatcher with 16 workers.
 -> (artifact id: 'b85b1423879cd82aaf13a054d4e195c0') in 0.123298 seconds
Number of updated asset objects reloaded before import = 0
Number of asset objects unloaded after import = 25
========================================================================
Received Import Request.
  Time since last request: 153.557605 seconds.
  path: Assets/New Folder/Char/sprite_sheet.png
  artifactKey: Guid(0a2fd07bac8d76f4d966c46273ce465c) Importer(815301076,1909f56bfc062723c751e8b465ee728b)
Start importing Assets/New Folder/Char/sprite_sheet.png using Guid(0a2fd07bac8d76f4d966c46273ce465c) Importer(815301076,1909f56bfc062723c751e8b465ee728b) [PhysX] Initialized MultithreadedTaskDispatcher with 16 workers.
[PhysX] Initialized MultithreadedTaskDispatcher with 16 workers.
 -> (artifact id: '28a66e74a9f27a25906f96b3a0949310') in 0.097070 seconds
Number of updated asset objects reloaded before import = 0
Number of asset objects unloaded after import = 13
========================================================================
Received Import Request.
  Time since last request: 25.019178 seconds.
  path: Assets/New Folder/CanonSpriteV1/spritesheet.png
  artifactKey: Guid(e1386b9f734cc2948a0ceb394318ca30) Importer(815301076,1909f56bfc062723c751e8b465ee728b)
Start importing Assets/New Folder/CanonSpriteV1/spritesheet.png using Guid(e1386b9f734cc2948a0ceb394318ca30) Importer(815301076,1909f56bfc062723c751e8b465ee728b) [PhysX] Initialized MultithreadedTaskDispatcher with 16 workers.
[PhysX] Initialized MultithreadedTaskDispatcher with 16 workers.
 -> (artifact id: '462229c8200e666e0b9fd7a6cf52d45a') in 0.048731 seconds
Number of updated asset objects reloaded before import = 0
Number of asset objects unloaded after import = 12
========================================================================
Received Import Request.
  Time since last request: 4.083253 seconds.
  path: Assets/New Folder/CanonSpriteV1/spritesheet.png
  artifactKey: Guid(e1386b9f734cc2948a0ceb394318ca30) Importer(815301076,1909f56bfc062723c751e8b465ee728b)
Start importing Assets/New Folder/CanonSpriteV1/spritesheet.png using Guid(e1386b9f734cc2948a0ceb394318ca30) Importer(815301076,1909f56bfc062723c751e8b465ee728b) [PhysX] Initialized MultithreadedTaskDispatcher with 16 workers.
[PhysX] Initialized MultithreadedTaskDispatcher with 16 workers.
 -> (artifact id: '627e6bd4206bf24cbd929cc9add78929') in 0.048826 seconds
Number of updated asset objects reloaded before import = 0
Number of asset objects unloaded after import = 12
========================================================================
Received Import Request.
  Time since last request: 172.423184 seconds.
  path: Assets/New Folder/CanonSpriteV1/spritesheet.png
  artifactKey: Guid(e1386b9f734cc2948a0ceb394318ca30) Importer(815301076,1909f56bfc062723c751e8b465ee728b)
Start importing Assets/New Folder/CanonSpriteV1/spritesheet.png using Guid(e1386b9f734cc2948a0ceb394318ca30) Importer(815301076,1909f56bfc062723c751e8b465ee728b) [PhysX] Initialized MultithreadedTaskDispatcher with 16 workers.
[PhysX] Initialized MultithreadedTaskDispatcher with 16 workers.
 -> (artifact id: '03b4e5bc1a7142ab09dc4cc97b679bce') in 0.035232 seconds
Number of updated asset objects reloaded before import = 0
Number of asset objects unloaded after import = 12
========================================================================
Received Import Request.
  Time since last request: 309.154776 seconds.
  path: Assets/SpriteSheets
  artifactKey: Guid(885c0359c7a93dd418aeee3ff97aaba5) Importer(815301076,1909f56bfc062723c751e8b465ee728b)
Start importing Assets/SpriteSheets using Guid(885c0359c7a93dd418aeee3ff97aaba5) Importer(815301076,1909f56bfc062723c751e8b465ee728b) [PhysX] Initialized MultithreadedTaskDispatcher with 16 workers.
 -> (artifact id: '33c0fcae3aa52ba5a42a873284dbdd97') in 0.000580 seconds
Number of updated asset objects reloaded before import = 0
Number of asset objects unloaded after import = 0
========================================================================
Received Import Request.
  Time since last request: 322.492057 seconds.
  path: Assets/SpriteSheets/spritesheet (6).png
  artifactKey: Guid(ff7a488984c4572408668c42571bbd09) Importer(815301076,1909f56bfc062723c751e8b465ee728b)
Start importing Assets/SpriteSheets/spritesheet (6).png using Guid(ff7a488984c4572408668c42571bbd09) Importer(815301076,1909f56bfc062723c751e8b465ee728b) [PhysX] Initialized MultithreadedTaskDispatcher with 16 workers.
[PhysX] Initialized MultithreadedTaskDispatcher with 16 workers.
 -> (artifact id: 'df2fccad21cc0d949f974d514a3f6cee') in 0.012039 seconds
Number of updated asset objects reloaded before import = 0
Number of asset objects unloaded after import = 2
========================================================================
Received Import Request.
  Time since last request: 21.547979 seconds.
  path: Assets/SpriteSheets/spritesheet (6).png
  artifactKey: Guid(ff7a488984c4572408668c42571bbd09) Importer(815301076,1909f56bfc062723c751e8b465ee728b)
Start importing Assets/SpriteSheets/spritesheet (6).png using Guid(ff7a488984c4572408668c42571bbd09) Importer(815301076,1909f56bfc062723c751e8b465ee728b) [PhysX] Initialized MultithreadedTaskDispatcher with 16 workers.
[PhysX] Initialized MultithreadedTaskDispatcher with 16 workers.
 -> (artifact id: '21dac5073172e2561fcc16d3a75c51b6') in 0.029372 seconds
Number of updated asset objects reloaded before import = 0
Number of asset objects unloaded after import = 3
========================================================================
Received Import Request.
  Time since last request: 55.275335 seconds.
  path: Assets/SpriteSheets/spritesheet (6).png
  artifactKey: Guid(ff7a488984c4572408668c42571bbd09) Importer(815301076,1909f56bfc062723c751e8b465ee728b)
Start importing Assets/SpriteSheets/spritesheet (6).png using Guid(ff7a488984c4572408668c42571bbd09) Importer(815301076,1909f56bfc062723c751e8b465ee728b) [PhysX] Initialized MultithreadedTaskDispatcher with 16 workers.
[PhysX] Initialized MultithreadedTaskDispatcher with 16 workers.
 -> (artifact id: '70f6e06f08e6e801496539efcbc32021') in 0.022274 seconds
Number of updated asset objects reloaded before import = 0
Number of asset objects unloaded after import = 3
========================================================================
Received Import Request.
  Time since last request: 18.550488 seconds.
  path: Assets/SpriteSheets/spritesheet (6).png
  artifactKey: Guid(ff7a488984c4572408668c42571bbd09) Importer(815301076,1909f56bfc062723c751e8b465ee728b)
Start importing Assets/SpriteSheets/spritesheet (6).png using Guid(ff7a488984c4572408668c42571bbd09) Importer(815301076,1909f56bfc062723c751e8b465ee728b) [PhysX] Initialized MultithreadedTaskDispatcher with 16 workers.
[PhysX] Initialized MultithreadedTaskDispatcher with 16 workers.
 -> (artifact id: 'bda46e7bb5ccffb896c8f696a70dc635') in 0.009670 seconds
Number of updated asset objects reloaded before import = 0
Number of asset objects unloaded after import = 3
========================================================================
Received Import Request.
  Time since last request: 27.030806 seconds.
  path: Assets/SpriteSheets/spritesheet (6).png
  artifactKey: Guid(ff7a488984c4572408668c42571bbd09) Importer(815301076,1909f56bfc062723c751e8b465ee728b)
Start importing Assets/SpriteSheets/spritesheet (6).png using Guid(ff7a488984c4572408668c42571bbd09) Importer(815301076,1909f56bfc062723c751e8b465ee728b) [PhysX] Initialized MultithreadedTaskDispatcher with 16 workers.
[PhysX] Initialized MultithreadedTaskDispatcher with 16 workers.
 -> (artifact id: '26b96263fd6f18727d816ec68e1dfc76') in 0.010987 seconds
Number of updated asset objects reloaded before import = 0
Number of asset objects unloaded after import = 3
========================================================================
Received Import Request.
  Time since last request: 13.690725 seconds.
  path: Assets/SpriteSheets/spritesheet (6).png
  artifactKey: Guid(ff7a488984c4572408668c42571bbd09) Importer(815301076,1909f56bfc062723c751e8b465ee728b)
Start importing Assets/SpriteSheets/spritesheet (6).png using Guid(ff7a488984c4572408668c42571bbd09) Importer(815301076,1909f56bfc062723c751e8b465ee728b) [PhysX] Initialized MultithreadedTaskDispatcher with 16 workers.
[PhysX] Initialized MultithreadedTaskDispatcher with 16 workers.
 -> (artifact id: '36585d696576c7e47be5f763548fdfe5') in 0.014207 seconds
Number of updated asset objects reloaded before import = 0
Number of asset objects unloaded after import = 3
========================================================================
Received Import Request.
  Time since last request: 30.448946 seconds.
  path: Assets/spritesheet (6).png
  artifactKey: Guid(d77b4bb6ebf1b284abee891bae944351) Importer(815301076,1909f56bfc062723c751e8b465ee728b)
Start importing Assets/spritesheet (6).png using Guid(d77b4bb6ebf1b284abee891bae944351) Importer(815301076,1909f56bfc062723c751e8b465ee728b) [PhysX] Initialized MultithreadedTaskDispatcher with 16 workers.
[PhysX] Initialized MultithreadedTaskDispatcher with 16 workers.
 -> (artifact id: '9afa36e59f9370b18f7fb1df87dd6316') in 0.006550 seconds
Number of updated asset objects reloaded before import = 0
Number of asset objects unloaded after import = 2
========================================================================
Received Import Request.
  Time since last request: 18.707783 seconds.
  path: Assets/spritesheet (6).png
  artifactKey: Guid(d77b4bb6ebf1b284abee891bae944351) Importer(815301076,1909f56bfc062723c751e8b465ee728b)
Start importing Assets/spritesheet (6).png using Guid(d77b4bb6ebf1b284abee891bae944351) Importer(815301076,1909f56bfc062723c751e8b465ee728b) [PhysX] Initialized MultithreadedTaskDispatcher with 16 workers.
[PhysX] Initialized MultithreadedTaskDispatcher with 16 workers.
 -> (artifact id: 'b4cf40f643d2ff0f1d893326df0d0015') in 0.015675 seconds
Number of updated asset objects reloaded before import = 0
Number of asset objects unloaded after import = 2
========================================================================
Received Import Request.
  Time since last request: 12.210078 seconds.
  path: Assets/spritesheet (6).png
  artifactKey: Guid(d77b4bb6ebf1b284abee891bae944351) Importer(815301076,1909f56bfc062723c751e8b465ee728b)
Start importing Assets/spritesheet (6).png using Guid(d77b4bb6ebf1b284abee891bae944351) Importer(815301076,1909f56bfc062723c751e8b465ee728b) [PhysX] Initialized MultithreadedTaskDispatcher with 16 workers.
[PhysX] Initialized MultithreadedTaskDispatcher with 16 workers.
 -> (artifact id: '5fceac62aaf5decd32d2136995727143') in 0.035610 seconds
Number of updated asset objects reloaded before import = 0
Number of asset objects unloaded after import = 12
========================================================================
Received Import Request.
  Time since last request: 138.052240 seconds.
  path: Assets/SpriteSheets/ygt_spritesheet.png
  artifactKey: Guid(ac738144cad90ab4bb08127777baa967) Importer(815301076,1909f56bfc062723c751e8b465ee728b)
Start importing Assets/SpriteSheets/ygt_spritesheet.png using Guid(ac738144cad90ab4bb08127777baa967) Importer(815301076,1909f56bfc062723c751e8b465ee728b) [PhysX] Initialized MultithreadedTaskDispatcher with 16 workers.
[PhysX] Initialized MultithreadedTaskDispatcher with 16 workers.
 -> (artifact id: '3b63cda5a503ce6f3460fd5a08534cd5') in 0.029697 seconds
Number of updated asset objects reloaded before import = 0
Number of asset objects unloaded after import = 12
========================================================================
Received Import Request.
  Time since last request: 29.912429 seconds.
  path: Assets/spritesheet (6).png
  artifactKey: Guid(d77b4bb6ebf1b284abee891bae944351) Importer(815301076,1909f56bfc062723c751e8b465ee728b)
Start importing Assets/spritesheet (6).png using Guid(d77b4bb6ebf1b284abee891bae944351) Importer(815301076,1909f56bfc062723c751e8b465ee728b) [PhysX] Initialized MultithreadedTaskDispatcher with 16 workers.
[PhysX] Initialized MultithreadedTaskDispatcher with 16 workers.
 -> (artifact id: '3c959333cd45642aee47de3672902107') in 0.063152 seconds
Number of updated asset objects reloaded before import = 0
Number of asset objects unloaded after import = 12
========================================================================
Received Import Request.
  Time since last request: 22.072527 seconds.
  path: Assets/spritesheet (6).png
  artifactKey: Guid(d77b4bb6ebf1b284abee891bae944351) Importer(815301076,1909f56bfc062723c751e8b465ee728b)
Start importing Assets/spritesheet (6).png using Guid(d77b4bb6ebf1b284abee891bae944351) Importer(815301076,1909f56bfc062723c751e8b465ee728b) [PhysX] Initialized MultithreadedTaskDispatcher with 16 workers.
[PhysX] Initialized MultithreadedTaskDispatcher with 16 workers.
 -> (artifact id: '93d75df2ee00c6370b018c6f4c8f587f') in 0.070935 seconds
Number of updated asset objects reloaded before import = 0
Number of asset objects unloaded after import = 12
========================================================================
Received Import Request.
  Time since last request: 19.884487 seconds.
  path: Assets/spritesheet (6).png
  artifactKey: Guid(d77b4bb6ebf1b284abee891bae944351) Importer(815301076,1909f56bfc062723c751e8b465ee728b)
Start importing Assets/spritesheet (6).png using Guid(d77b4bb6ebf1b284abee891bae944351) Importer(815301076,1909f56bfc062723c751e8b465ee728b) [PhysX] Initialized MultithreadedTaskDispatcher with 16 workers.
[PhysX] Initialized MultithreadedTaskDispatcher with 16 workers.
 -> (artifact id: 'fe56e2b248aceeef8fef731a78ac80b6') in 0.061213 seconds
Number of updated asset objects reloaded before import = 0
Number of asset objects unloaded after import = 12
========================================================================
Received Import Request.
  Time since last request: 8.678271 seconds.
  path: Assets/spritesheet (6).png
  artifactKey: Guid(d77b4bb6ebf1b284abee891bae944351) Importer(815301076,1909f56bfc062723c751e8b465ee728b)
Start importing Assets/spritesheet (6).png using Guid(d77b4bb6ebf1b284abee891bae944351) Importer(815301076,1909f56bfc062723c751e8b465ee728b) [PhysX] Initialized MultithreadedTaskDispatcher with 16 workers.
[PhysX] Initialized MultithreadedTaskDispatcher with 16 workers.
 -> (artifact id: '29cb19fa46c7973f2efbecbc2c2bd3e7') in 0.138507 seconds
Number of updated asset objects reloaded before import = 0
Number of asset objects unloaded after import = 12
========================================================================
Received Import Request.
  Time since last request: 23.999685 seconds.
  path: Assets/SpriteSheets/ygt_spritesheet.png
  artifactKey: Guid(ac738144cad90ab4bb08127777baa967) Importer(815301076,1909f56bfc062723c751e8b465ee728b)
Start importing Assets/SpriteSheets/ygt_spritesheet.png using Guid(ac738144cad90ab4bb08127777baa967) Importer(815301076,1909f56bfc062723c751e8b465ee728b) [PhysX] Initialized MultithreadedTaskDispatcher with 16 workers.
[PhysX] Initialized MultithreadedTaskDispatcher with 16 workers.
 -> (artifact id: '7e3f4984469bd04ceb22d29c4e0d03ad') in 0.053815 seconds
Number of updated asset objects reloaded before import = 0
Number of asset objects unloaded after import = 12
========================================================================
Received Import Request.
  Time since last request: 6.050939 seconds.
  path: Assets/SpriteSheets/ygt_spritesheet.png
  artifactKey: Guid(ac738144cad90ab4bb08127777baa967) Importer(815301076,1909f56bfc062723c751e8b465ee728b)
Start importing Assets/SpriteSheets/ygt_spritesheet.png using Guid(ac738144cad90ab4bb08127777baa967) Importer(815301076,1909f56bfc062723c751e8b465ee728b) [PhysX] Initialized MultithreadedTaskDispatcher with 16 workers.
[PhysX] Initialized MultithreadedTaskDispatcher with 16 workers.
 -> (artifact id: 'cba66925c8b4ff8d7d5a42ca42539e87') in 0.108888 seconds
Number of updated asset objects reloaded before import = 0
Number of asset objects unloaded after import = 12
========================================================================
Received Import Request.
  Time since last request: 42.368036 seconds.
  path: Assets/SpriteSheets/ygt_spritesheet.png
  artifactKey: Guid(ac738144cad90ab4bb08127777baa967) Importer(815301076,1909f56bfc062723c751e8b465ee728b)
Start importing Assets/SpriteSheets/ygt_spritesheet.png using Guid(ac738144cad90ab4bb08127777baa967) Importer(815301076,1909f56bfc062723c751e8b465ee728b) [PhysX] Initialized MultithreadedTaskDispatcher with 16 workers.
[PhysX] Initialized MultithreadedTaskDispatcher with 16 workers.
 -> (artifact id: '37aeb5d538b27cd8ac8d27a44e821e87') in 0.102768 seconds
Number of updated asset objects reloaded before import = 0
Number of asset objects unloaded after import = 12
========================================================================
Received Import Request.
  Time since last request: 33.771612 seconds.
  path: Assets/spritesheet (6).png
  artifactKey: Guid(d77b4bb6ebf1b284abee891bae944351) Importer(815301076,1909f56bfc062723c751e8b465ee728b)
Start importing Assets/spritesheet (6).png using Guid(d77b4bb6ebf1b284abee891bae944351) Importer(815301076,1909f56bfc062723c751e8b465ee728b) [PhysX] Initialized MultithreadedTaskDispatcher with 16 workers.
[PhysX] Initialized MultithreadedTaskDispatcher with 16 workers.
 -> (artifact id: 'f2bd80b76cc32f5ab3262abf5633fe4b') in 0.069515 seconds
Number of updated asset objects reloaded before import = 0
Number of asset objects unloaded after import = 12
========================================================================
Received Import Request.
  Time since last request: 33.499404 seconds.
  path: Assets/New Folder/Char/sprite_sheet (2).png
  artifactKey: Guid(2546f70f7d1d49944936684f135bb365) Importer(815301076,1909f56bfc062723c751e8b465ee728b)
Start importing Assets/New Folder/Char/sprite_sheet (2).png using Guid(2546f70f7d1d49944936684f135bb365) Importer(815301076,1909f56bfc062723c751e8b465ee728b) [PhysX] Initialized MultithreadedTaskDispatcher with 16 workers.
[PhysX] Initialized MultithreadedTaskDispatcher with 16 workers.
 -> (artifact id: 'fa19b63881706f5c0c61419286b4f836') in 0.139974 seconds
Number of updated asset objects reloaded before import = 0
Number of asset objects unloaded after import = 25
